<?xml version="1.0" encoding="UTF-8"?>
<!-- Generated by org.testng.reporters.JUnitXMLReporter -->
<testsuite hostname="Ruban-PC" ignored="0" name="login data test" tests="4" failures="0" timestamp="2020-01-29T20:53:37 IST" time="44.119" errors="0">
  <testcase name="loginapp" time="15.938" classname="loginTestcase.login"/>
  <testcase name="loginapp" time="9.955" classname="loginTestcase.login"/>
  <testcase name="loginapp" time="8.307" classname="loginTestcase.login"/>
  <testcase name="loginapp" time="9.643" classname="loginTestcase.login"/>
</testsuite> <!-- login data test -->
