<?xml version="1.0" encoding="UTF-8"?>
<!-- Generated by org.testng.reporters.JUnitXMLReporter -->
<testsuite hostname="Ruban-PC" ignored="0" name="Default test" tests="4" failures="0" timestamp="2020-01-30T20:56:33 IST" time="16.85" errors="0">
  <testcase name="logindataprov" time="6.767" classname="loginTestcase.Dataprovjxl"/>
  <testcase name="logindataprov" time="1.207" classname="loginTestcase.Dataprovjxl"/>
  <testcase name="logindataprov" time="0.867" classname="loginTestcase.Dataprovjxl"/>
  <testcase name="logindataprov" time="0.997" classname="loginTestcase.Dataprovjxl"/>
</testsuite> <!-- Default test -->
