<?xml version="1.0" encoding="UTF-8"?>
<!-- Generated by org.testng.reporters.JUnitXMLReporter -->
<testsuite hostname="Ruban-PC" ignored="0" name="login test cases" tests="4" failures="0" timestamp="2020-01-27T20:13:30 IST" time="41.654" errors="0">
  <testcase name="correctusername" time="16.534" classname="loginTestcase.Correctusername"/>
  <testcase name="correctpassword" time="8.753" classname="loginTestcase.Correctpassword"/>
  <testcase name="bothcorrect" time="8.254" classname="loginTestcase.Bothcorrect"/>
  <testcase name="bothincorrect" time="7.996" classname="loginTestcase.Bothincorrect"/>
</testsuite> <!-- login test cases -->
